<?xml version="1.0" encoding="UTF-8"?>
<!-- Generated by org.testng.reporters.JUnitXMLReporter -->
<testsuite ignored="0" hostname="admins-MacBook-Pro-7.local" failures="0" tests="6" name="Surefire test" time="0.037" errors="0" timestamp="2021-02-24T15:37:13 EST">
  <testcase classname="clearbridgemobile.AppiumTest" name="IOSApps" time="0.005"/>
  <testcase classname="clearbridgemobile.AppiumTest" name="NativeAPpAndroid" time="0.0"/>
  <testcase classname="clearbridgemobile.SeleniumTest" name="BrowserAUtomation" time="0.0"/>
  <testcase classname="clearbridgemobile.SeleniumTest" name="elementsUi" time="0.0"/>
  <testcase classname="clearbridgemobile.RESTAPITest" name="deleteTwitter" time="0.001"/>
  <testcase classname="clearbridgemobile.RESTAPITest" name="postJIRA" time="0.0"/>
</testsuite> <!-- Surefire test -->
