<?xml version="1.0" encoding="UTF-8"?>
<testng-results ignored="0" total="6" passed="6" failed="0" skipped="0">
  <reporter-output>
  </reporter-output>
  <suite started-at="2021-02-24T16:49:19 EST" name="Surefire suite" finished-at="2021-02-24T16:49:19 EST" duration-ms="40">
    <groups>
    </groups>
    <test started-at="2021-02-24T16:49:19 EST" name="Surefire test" finished-at="2021-02-24T16:49:19 EST" duration-ms="40">
      <class name="clearbridgemobile.RESTAPITest">
        <test-method signature="postJIRA()[pri:0, instance:clearbridgemobile.RESTAPITest@42a48628]" started-at="2021-02-24T16:49:19 EST" name="postJIRA" finished-at="2021-02-24T16:49:19 EST" duration-ms="1" status="PASS">
          <reporter-output>
          </reporter-output>
        </test-method> <!-- postJIRA -->
        <test-method signature="deleteTwitter()[pri:0, instance:clearbridgemobile.RESTAPITest@42a48628]" started-at="2021-02-24T16:49:19 EST" name="deleteTwitter" finished-at="2021-02-24T16:49:19 EST" duration-ms="0" status="PASS">
          <reporter-output>
          </reporter-output>
        </test-method> <!-- deleteTwitter -->
      </class> <!-- clearbridgemobile.RESTAPITest -->
      <class name="clearbridgemobile.AppiumTest">
        <test-method signature="IOSApps()[pri:0, instance:clearbridgemobile.AppiumTest@7d8995e]" started-at="2021-02-24T16:49:19 EST" name="IOSApps" finished-at="2021-02-24T16:49:19 EST" duration-ms="5" status="PASS">
          <reporter-output>
          </reporter-output>
        </test-method> <!-- IOSApps -->
        <test-method signature="NativeAPpAndroid()[pri:0, instance:clearbridgemobile.AppiumTest@7d8995e]" started-at="2021-02-24T16:49:19 EST" name="NativeAPpAndroid" finished-at="2021-02-24T16:49:19 EST" duration-ms="0" status="PASS">
          <reporter-output>
          </reporter-output>
        </test-method> <!-- NativeAPpAndroid -->
      </class> <!-- clearbridgemobile.AppiumTest -->
      <class name="clearbridgemobile.SeleniumTest">
        <test-method signature="BrowserAUtomation()[pri:0, instance:clearbridgemobile.SeleniumTest@130d63be]" started-at="2021-02-24T16:49:19 EST" name="BrowserAUtomation" finished-at="2021-02-24T16:49:19 EST" duration-ms="0" status="PASS">
          <reporter-output>
          </reporter-output>
        </test-method> <!-- BrowserAUtomation -->
        <test-method signature="elementsUi()[pri:0, instance:clearbridgemobile.SeleniumTest@130d63be]" started-at="2021-02-24T16:49:19 EST" name="elementsUi" finished-at="2021-02-24T16:49:19 EST" duration-ms="0" status="PASS">
          <reporter-output>
          </reporter-output>
        </test-method> <!-- elementsUi -->
      </class> <!-- clearbridgemobile.SeleniumTest -->
    </test> <!-- Surefire test -->
  </suite> <!-- Surefire suite -->
</testng-results>
