<?xml version="1.0" encoding="UTF-8"?>
<!-- Generated by org.testng.reporters.JUnitReportReporter -->
<testsuite hostname="admins-MacBook-Pro-7.local" failures="0" tests="2" name="clearbridgemobile.AppiumTest" time="0.005" errors="0" timestamp="2021-02-24T15:37:13 EST" skipped="0">
  <testcase classname="clearbridgemobile.AppiumTest" name="NativeAPpAndroid" time="0.000"/>
  <system-out/>
  <testcase classname="clearbridgemobile.AppiumTest" name="IOSApps" time="0.005"/>
  <system-out/>
</testsuite> <!-- clearbridgemobile.AppiumTest -->
